<?xml version="1.0" encoding="UTF-8"?>
<testng-results ignored="0" total="2" passed="2" failed="0" skipped="0">
  <reporter-output>
  </reporter-output>
  <suite started-at="2024-11-17T00:40:28 IST" name="Suite" finished-at="2024-11-17T00:40:45 IST" duration-ms="17241">
    <groups>
    </groups>
    <test started-at="2024-11-17T00:40:28 IST" name="Test" finished-at="2024-11-17T00:40:45 IST" duration-ms="17241">
      <class name="Amazon_Project.Amazon_Project.Testcase1">
        <test-method signature="register_amazon()[pri:0, instance:Amazon_Project.Amazon_Project.Testcase1@48aca48b]" started-at="2024-11-17T00:40:28 IST" name="register_amazon" finished-at="2024-11-17T00:40:36 IST" duration-ms="7850" status="PASS">
          <reporter-output>
          </reporter-output>
        </test-method> <!-- register_amazon -->
      </class> <!-- Amazon_Project.Amazon_Project.Testcase1 -->
      <class name="Amazon_Project.Amazon_Project.Testcase2">
        <test-method signature="amz_login()[pri:0, instance:Amazon_Project.Amazon_Project.Testcase2@3527942a]" started-at="2024-11-17T00:40:36 IST" name="amz_login" finished-at="2024-11-17T00:40:45 IST" duration-ms="9329" status="PASS">
          <reporter-output>
          </reporter-output>
        </test-method> <!-- amz_login -->
      </class> <!-- Amazon_Project.Amazon_Project.Testcase2 -->
    </test> <!-- Test -->
  </suite> <!-- Suite -->
</testng-results>
