<?xml version="1.0" encoding="UTF-8"?>
<testng-results ignored="0" total="1" passed="1" failed="0" skipped="0">
  <reporter-output>
  </reporter-output>
  <suite started-at="2024-11-17T00:04:53 IST" name="Default suite" finished-at="2024-11-17T00:05:08 IST" duration-ms="15071">
    <groups>
    </groups>
    <test started-at="2024-11-17T00:04:53 IST" name="Default test" finished-at="2024-11-17T00:05:08 IST" duration-ms="15071">
      <class name="Amazon_Project.Amazon_Project.Testcase4$Testcase3">
        <test-method signature="Search_pro()[pri:0, instance:Amazon_Project.Amazon_Project.Testcase4$Testcase3@437da279]" started-at="2024-11-17T00:04:53 IST" name="Search_pro" finished-at="2024-11-17T00:05:08 IST" duration-ms="15013" status="PASS">
          <reporter-output>
          </reporter-output>
        </test-method> <!-- Search_pro -->
      </class> <!-- Amazon_Project.Amazon_Project.Testcase4$Testcase3 -->
    </test> <!-- Default test -->
  </suite> <!-- Default suite -->
</testng-results>
